<?xml version="1.0" encoding="UTF-8"?>
<testsuite xmlns:xsi="http://www.w3.org/2001/XMLSchema-instance" xsi:noNamespaceSchemaLocation="https://maven.apache.org/surefire/maven-surefire-plugin/xsd/surefire-test-report-3.0.xsd" version="3.0" name="MathChampionshipTest" time="0.185" tests="4" errors="0" skipped="1" failures="0">
  <properties>
[...]
</properties>
  <testcase name="testNoSuchStudent" classname="MathChampionshipTest" time="0.105"/>
  <testcase name="testGetSilverPrize" classname="MathChampionshipTest" time="0.008"/>
  <testcase name="testGetGoldPrize" classname="MathChampionshipTest" time="0.004"/>
  <testcase name="testPrizeFromCsv" classname="MathChampionshipTest" time="0">
    <skipped message="This Test is just a template, do not add it to your test suite"/>
  </testcase>
</testsuite>